app/build/intermediates/manifest_merge_blame_file/release/manifest-merger-blame-release-report.txt
1<?xml version="1.0" encoding="utf-8"?>
2<manifest xmlns:android="http://schemas.android.com/apk/res/android"
3    package="com.lyl.facerecognition"
4    android:versionCode="1"
5    android:versionName="1.0" >
6
7    <uses-sdk
8        android:minSdkVersion="24"
8-->src\main\AndroidManifest.xml
9        android:targetSdkVersion="30" />
9-->src\main\AndroidManifest.xml
10
11    <uses-permission android:name="android.permission.WRITE_EXTERNAL_STORAGE" />
11-->src\main\AndroidManifest.xml:4:5-81
11-->src\main\AndroidManifest.xml:4:22-78
12    <uses-permission android:name="android.permission.ACCESS_NETWORK_STATE" />
12-->src\main\AndroidManifest.xml:5:5-78
12-->src\main\AndroidManifest.xml:5:22-76
13    <uses-permission android:name="android.permission.INTERNET" /> <!-- 网络权限 -->
13-->src\main\AndroidManifest.xml:6:5-67
13-->src\main\AndroidManifest.xml:6:22-64
14    <uses-permission android:name="android.permission.VIBRATE" /> <!-- 震动权限 -->
14-->src\main\AndroidManifest.xml:7:5-66
14-->src\main\AndroidManifest.xml:7:22-63
15    <uses-permission android:name="android.permission.CAMERA" /> <!-- 摄像头权限 -->
15-->src\main\AndroidManifest.xml:8:5-65
15-->src\main\AndroidManifest.xml:8:22-62
16    <uses-permission android:name="android.permission.READ_EXTERNAL_STORAGE" />
16-->src\main\AndroidManifest.xml:9:5-80
16-->src\main\AndroidManifest.xml:9:22-77
17
18    <uses-feature android:name="android.hardware.camera.autofocus" />
18-->src\main\AndroidManifest.xml:10:5-70
18-->src\main\AndroidManifest.xml:10:19-67
19
20    <!-- Don't require camera, as this requires a rear camera. This allows it to work on the Nexus 7 -->
21    <uses-feature
21-->[com.journeyapps:zxing-android-embedded:3.6.0] AndroidManifest.xml:25:5-27:36
22        android:name="android.hardware.camera"
22-->[com.journeyapps:zxing-android-embedded:3.6.0] AndroidManifest.xml:26:9-47
23        android:required="false" />
23-->[com.journeyapps:zxing-android-embedded:3.6.0] AndroidManifest.xml:27:9-33
24    <uses-feature
24-->[com.journeyapps:zxing-android-embedded:3.6.0] AndroidManifest.xml:28:5-30:36
25        android:name="android.hardware.camera.front"
25-->[com.journeyapps:zxing-android-embedded:3.6.0] AndroidManifest.xml:29:9-53
26        android:required="false" />
26-->[com.journeyapps:zxing-android-embedded:3.6.0] AndroidManifest.xml:30:9-33
27    <uses-feature
27-->[com.journeyapps:zxing-android-embedded:3.6.0] AndroidManifest.xml:36:5-38:36
28        android:name="android.hardware.camera.flash"
28-->[com.journeyapps:zxing-android-embedded:3.6.0] AndroidManifest.xml:37:9-53
29        android:required="false" />
29-->[com.journeyapps:zxing-android-embedded:3.6.0] AndroidManifest.xml:38:9-33
30    <uses-feature
30-->[com.journeyapps:zxing-android-embedded:3.6.0] AndroidManifest.xml:39:5-41:36
31        android:name="android.hardware.screen.landscape"
31-->[com.journeyapps:zxing-android-embedded:3.6.0] AndroidManifest.xml:40:9-57
32        android:required="false" />
32-->[com.journeyapps:zxing-android-embedded:3.6.0] AndroidManifest.xml:41:9-33
33    <uses-feature
33-->[com.journeyapps:zxing-android-embedded:3.6.0] AndroidManifest.xml:42:5-44:36
34        android:name="android.hardware.wifi"
34-->[com.journeyapps:zxing-android-embedded:3.6.0] AndroidManifest.xml:43:9-45
35        android:required="false" /> <!-- 自动聚焦权限 -->
35-->[com.journeyapps:zxing-android-embedded:3.6.0] AndroidManifest.xml:44:9-33
36    <application
36-->src\main\AndroidManifest.xml:12:5-49:19
37        android:allowBackup="true"
37-->src\main\AndroidManifest.xml:14:9-35
38        android:appComponentFactory="androidx.core.app.CoreComponentFactory"
38-->[androidx.core:core:1.3.1] AndroidManifest.xml:24:18-86
39        android:extractNativeLibs="false"
40        android:icon="@mipmap/ic_launcher"
40-->src\main\AndroidManifest.xml:15:9-43
41        android:label="@string/app_name"
41-->src\main\AndroidManifest.xml:16:9-41
42        android:roundIcon="@mipmap/ic_launcher_round"
42-->src\main\AndroidManifest.xml:17:9-54
43        android:screenOrientation="portrait"
43-->src\main\AndroidManifest.xml:19:9-45
44        android:supportsRtl="true"
44-->src\main\AndroidManifest.xml:18:9-35
45        android:theme="@style/AppTheme"
45-->src\main\AndroidManifest.xml:20:9-40
46        android:usesCleartextTraffic="true" >
46-->src\main\AndroidManifest.xml:13:9-44
47        <activity
47-->src\main\AndroidManifest.xml:21:9-25:20
48            android:name="com.lyl.facerecognition.MainActivity"
48-->src\main\AndroidManifest.xml:22:13-41
49            android:label="@string/app_name"
49-->src\main\AndroidManifest.xml:24:13-45
50            android:screenOrientation="portrait" >
50-->src\main\AndroidManifest.xml:23:13-49
51        </activity>
52        <activity
52-->src\main\AndroidManifest.xml:26:9-28:46
53            android:name="com.lyl.facerecognition.LoginActivity"
53-->src\main\AndroidManifest.xml:26:19-48
54            android:screenOrientation="portrait"
54-->src\main\AndroidManifest.xml:27:13-49
55            android:theme="@style/AppTheme" />
55-->src\main\AndroidManifest.xml:28:13-44
56        <activity
56-->src\main\AndroidManifest.xml:29:9-31:46
57            android:name="com.lyl.facerecognition.ui.Home.UserActivity"
57-->src\main\AndroidManifest.xml:29:19-55
58            android:screenOrientation="portrait"
58-->src\main\AndroidManifest.xml:30:13-49
59            android:theme="@style/AppTheme" />
59-->src\main\AndroidManifest.xml:31:13-44
60        <activity
60-->src\main\AndroidManifest.xml:32:9-34:46
61            android:name="com.lyl.facerecognition.TerminalActivity"
61-->src\main\AndroidManifest.xml:32:19-51
62            android:screenOrientation="portrait"
62-->src\main\AndroidManifest.xml:33:13-49
63            android:theme="@style/AppTheme" />
63-->src\main\AndroidManifest.xml:34:13-44
64        <activity
64-->src\main\AndroidManifest.xml:35:9-37:46
65            android:name="com.lyl.facerecognition.SignUpActivity"
65-->src\main\AndroidManifest.xml:35:19-49
66            android:screenOrientation="portrait"
66-->src\main\AndroidManifest.xml:36:13-49
67            android:theme="@style/AppTheme" />
67-->src\main\AndroidManifest.xml:37:13-44
68        <activity
68-->src\main\AndroidManifest.xml:38:9-40:46
69            android:name="com.lyl.facerecognition.QrCodeActivity"
69-->src\main\AndroidManifest.xml:38:19-49
70            android:screenOrientation="portrait"
70-->src\main\AndroidManifest.xml:39:13-49
71            android:theme="@style/AppTheme" />
71-->src\main\AndroidManifest.xml:40:13-44
72        <activity
72-->src\main\AndroidManifest.xml:41:9-48:20
73            android:name="com.lyl.facerecognition.WelcomeActivity"
73-->src\main\AndroidManifest.xml:41:19-50
74            android:screenOrientation="portrait"
74-->src\main\AndroidManifest.xml:42:13-49
75            android:theme="@style/AppTheme" >
75-->src\main\AndroidManifest.xml:43:13-44
76            <intent-filter>
76-->src\main\AndroidManifest.xml:44:13-47:29
77                <action android:name="android.intent.action.MAIN" />
77-->src\main\AndroidManifest.xml:45:17-69
77-->src\main\AndroidManifest.xml:45:25-66
78
79                <category android:name="android.intent.category.LAUNCHER" />
79-->src\main\AndroidManifest.xml:46:17-77
79-->src\main\AndroidManifest.xml:46:27-74
80            </intent-filter>
81        </activity>
82        <activity
82-->[com.journeyapps:zxing-android-embedded:3.6.0] AndroidManifest.xml:47:9-53:63
83            android:name="com.journeyapps.barcodescanner.CaptureActivity"
83-->[com.journeyapps:zxing-android-embedded:3.6.0] AndroidManifest.xml:48:13-74
84            android:clearTaskOnLaunch="true"
84-->[com.journeyapps:zxing-android-embedded:3.6.0] AndroidManifest.xml:49:13-45
85            android:screenOrientation="sensorLandscape"
85-->[com.journeyapps:zxing-android-embedded:3.6.0] AndroidManifest.xml:50:13-56
86            android:stateNotNeeded="true"
86-->[com.journeyapps:zxing-android-embedded:3.6.0] AndroidManifest.xml:51:13-42
87            android:theme="@style/zxing_CaptureTheme"
87-->[com.journeyapps:zxing-android-embedded:3.6.0] AndroidManifest.xml:52:13-54
88            android:windowSoftInputMode="stateAlwaysHidden" />
88-->[com.journeyapps:zxing-android-embedded:3.6.0] AndroidManifest.xml:53:13-60
89
90        <provider
90-->[androidx.lifecycle:lifecycle-process:2.2.0] AndroidManifest.xml:25:9-29:43
91            android:name="androidx.lifecycle.ProcessLifecycleOwnerInitializer"
91-->[androidx.lifecycle:lifecycle-process:2.2.0] AndroidManifest.xml:26:13-79
92            android:authorities="com.lyl.facerecognition.lifecycle-process"
92-->[androidx.lifecycle:lifecycle-process:2.2.0] AndroidManifest.xml:27:13-69
93            android:exported="false"
93-->[androidx.lifecycle:lifecycle-process:2.2.0] AndroidManifest.xml:28:13-37
94            android:multiprocess="true" />
94-->[androidx.lifecycle:lifecycle-process:2.2.0] AndroidManifest.xml:29:13-40
95    </application>
96
97</manifest>